<?xml version="1.0" encoding="UTF-8" ?>
<testsuite tests="6" failures="0" name="JndiLdapAuthManualTest" time="0.231" errors="0" skipped="0">
  <properties>
[...]
</properties>
  <testcase classname="JndiLdapAuthManualTest" name="authUser_WrongPassword" time="0.132"/>
  <testcase classname="JndiLdapAuthManualTest" name="authUser_CorrectPassword" time="0.054"/>
  <testcase classname="JndiLdapAuthManualTest" name="searchAuthUserAsAdmin_Wrong" time="0.025"/>
  <testcase classname="JndiLdapAuthManualTest" name="searchAuthUserAsAdmin_Correct" time="0.009"/>
  <testcase classname="JndiLdapAuthManualTest" name="changeUserPhone" time="0.004"/>
  <testcase classname="JndiLdapAuthManualTest" name="listUserAtt" time="0.007"/>
</testsuite>